Arguments: 
  /usr/local/lib/node_modules/node/bin/node /usr/local/Cellar/yarn/1.10.1/libexec/bin/yarn.js add tail.DateTime

PATH: 
  /usr/local/opt/qt@5.5/bin:/Users/ben/.yarn/bin:/usr/local/heroku/bin:/Library/Developer/Toolchains/swift-latest.xctoolchain/usr/bin:/Users/ben/bin:/usr/local/bin:/usr/local/heroku/bin:/usr/local/sbin:/usr/local/bin:/usr/local/heroku/bin:/Users/ben/.rbenv/shims:/usr/local/bin:/usr/bin:/bin:/usr/sbin:/sbin:/Applications/VMware Fusion.app/Contents/Public:/usr/local/share/dotnet:/Library/Frameworks/Mono.framework/Versions/Current/Commands:/usr/local/sbin:bin:/Applications/Postgres.app/Contents/Versions/9.6/bin:/Applications/Postgres.app/Contents/Versions/9.6/bin

Yarn version: 
  1.10.1

Node version: 
  8.9.0

Platform: 
  darwin x64

Trace: 
  Error: https://registry.yarnpkg.com/tail.DateTime: Not found
      at Request.params.callback [as _callback] (/usr/local/Cellar/yarn/1.10.1/libexec/lib/cli.js:61073:18)
      at Request.self.callback (/usr/local/Cellar/yarn/1.10.1/libexec/lib/cli.js:120166:22)
      at emitTwo (events.js:126:13)
      at Request.emit (events.js:214:7)
      at Request.<anonymous> (/usr/local/Cellar/yarn/1.10.1/libexec/lib/cli.js:121138:10)
      at emitOne (events.js:116:13)
      at Request.emit (events.js:211:7)
      at IncomingMessage.<anonymous> (/usr/local/Cellar/yarn/1.10.1/libexec/lib/cli.js:121060:12)
      at Object.onceWrapper (events.js:313:30)
      at emitNone (events.js:111:20)

npm manifest: 
  No manifest

yarn manifest: 
  No manifest

Lockfile: 
  No lockfile
